<?xml version="1.0" encoding="UTF-8"?>
<!-- Generated by org.testng.reporters.JUnitReportReporter -->
<testsuite hostname="Bibhu-PC" failures="0" tests="4" name="api.test.userTest" time="7.833" errors="0" timestamp="2023-06-28T16:57:40 IST" skipped="0">
  <testcase classname="api.test.userTest" name="testpostUser" time="2.925"/>
  <system-out/>
  <testcase classname="api.test.userTest" name="testreaduserGetUsername" time="1.287"/>
  <system-out/>
  <testcase classname="api.test.userTest" name="testupdateUser" time="2.329"/>
  <system-out/>
  <testcase classname="api.test.userTest" name="deleteUser" time="1.292"/>
  <system-out/>
</testsuite> <!-- api.test.userTest -->
